<?xml version="1.0" encoding="UTF-8"?>
<!-- Generated by org.testng.reporters.JUnitReportReporter -->
<testsuite hostname="DESKTOP-VURRA98" failures="0" tests="3" name="scenario_1testcase.scenario2testcase" time="36.785" errors="0" timestamp="2022-10-26T12:41:00 IST" skipped="0">
  <testcase classname="scenario_1testcase.scenario2testcase" name="beforeupdatestudentmarks" time="15.969"/>
  <system-out/>
  <testcase classname="scenario_1testcase.scenario2testcase" name="adminupdatestudentmarks" time="5.812"/>
  <system-out/>
  <testcase classname="scenario_1testcase.scenario2testcase" name="afterstudentmarksupdate" time="15.004"/>
  <system-out/>
</testsuite> <!-- scenario_1testcase.scenario2testcase -->
