<?xml version="1.0" encoding="UTF-8"?>
<!-- Generated by org.testng.reporters.JUnitReportReporter -->
<testsuite hostname="DESKTOP-VURRA98" failures="0" tests="3" name="scenario_1testcase.testcase" time="32.276" errors="0" timestamp="2022-10-26T12:41:00 IST" skipped="0">
  <testcase classname="scenario_1testcase.testcase" name="delete" time="5.261"/>
  <system-out/>
  <testcase classname="scenario_1testcase.testcase" name="collegelinkclicking" time="19.413"/>
  <system-out/>
  <testcase classname="scenario_1testcase.testcase" name="validations" time="7.602"/>
  <system-out/>
</testsuite> <!-- scenario_1testcase.testcase -->
